SET_PARAMETER d1_power_consumed 0
SET_PARAMETER subsystem_vendor_id 0084
SET_PARAMETER bar0_scale Kilobytes
SET_PARAMETER aer_permit_root_error_update false
SET_PARAMETER d2_power_dissipated 0
SET_PARAMETER d2_power_dissipated_factor 0
SET_PARAMETER d0_power_dissipated_factor 0
SET_PARAMETER bar4_size_vector 1M
SET_PARAMETER user_clk_freq 250
SET_PARAMETER rbar_initial_value0 0
SET_PARAMETER en_route_err_nfl false
SET_PARAMETER rbar_initial_value1 0
SET_PARAMETER pci_cfg_space false
SET_PARAMETER rbar_initial_value2 0
SET_PARAMETER rbar_initial_value3 0
SET_PARAMETER rbar_initial_value4 0
SET_PARAMETER pcie_blk_locn X0Y0
SET_PARAMETER rbar_initial_value5 0
SET_PARAMETER multiple_message_capable 1_vector
SET_PARAMETER receive_np_request false
SET_PARAMETER bar4_enabled false
SET_PARAMETER slot_cap_no_cmd_comp_sup false
SET_PARAMETER slot_cap_mrl false
SET_PARAMETER msi_vec_mask false
SET_PARAMETER bar4_prefetchable false
SET_PARAMETER pcie_fast_config None
SET_PARAMETER bar1_64bit false
SET_PARAMETER recrc_check 0
SET_PARAMETER subsystem_id ABB3
SET_PARAMETER slot_cap_attn_butn false
SET_PARAMETER aer_receiver_overflow false
SET_PARAMETER link_speed 5.0_GT/s
SET_PARAMETER vsec_enabled false
SET_PARAMETER no_soft_reset true
SET_PARAMETER acceptable_l0s_latency No_limit
SET_PARAMETER bar1_scale Megabytes
SET_PARAMETER msix_table_bir BAR_0
SET_PARAMETER bar3_size_vector 1M
SET_PARAMETER slot_cap_hotplug_surprise false
SET_PARAMETER base_class_menu Simple_communication_controllers
SET_PARAMETER cardbus_cis_pointer 00000000
SET_PARAMETER prefetchable_memory_base_limit_registers Disabled
SET_PARAMETER cpl_timeout_disable_sup false
SET_PARAMETER bar1_prefetchable false
SET_PARAMETER rbar_enabled false
SET_PARAMETER ack_nak_timeout_func Absolute
SET_PARAMETER slot_cap_physical_slot_num 0
SET_PARAMETER d3_power_dissipated 0
SET_PARAMETER sub_class_interface_menu Generic_XT_compatible_serial_controller
SET_PARAMETER bar0_size 64
SET_PARAMETER use_class_code_lookup_assistant false
SET_PARAMETER aer_acs_violation false
SET_PARAMETER d0_power_consumed_factor 0
SET_PARAMETER msix_pba_offset 0
SET_PARAMETER en_ext_clk false
SET_PARAMETER bar1_size 1
SET_PARAMETER aer_header_log_overflow false
SET_PARAMETER phantom_functions No_function_number_bits_used
SET_PARAMETER trans_buf_pipeline None
SET_PARAMETER bar5_enabled false
SET_PARAMETER mode_selection Basic
SET_PARAMETER d3_power_consumed 0
SET_PARAMETER enable_slot_clock_cfg false
SET_PARAMETER en_route_pme_to_ack false
SET_PARAMETER enable_ack_nak_timer false
SET_PARAMETER bar2_size 512
SET_PARAMETER bar2_64bit false
SET_PARAMETER d2_power_consumed_factor 0
SET_PARAMETER tph_completer_supported 00
SET_PARAMETER bar2_size_vector 1M
SET_PARAMETER bar3_size 2
SET_PARAMETER expansion_rom_size 2
SET_PARAMETER aer_surprise_down false
SET_PARAMETER extended_tag_default false
SET_PARAMETER class_code_sub 00
SET_PARAMETER bar2_scale Kilobytes
SET_PARAMETER d0_power_consumed 0
SET_PARAMETER cpl_timeout_range Range_B
SET_PARAMETER bar4_size 2
SET_PARAMETER vc_cap_enabled false
SET_PARAMETER bar0_enabled true
SET_PARAMETER rbar_num 0
SET_PARAMETER silicon_rev GES_and_Production
SET_PARAMETER bar5_size 2
SET_PARAMETER aspm_optionality false
SET_PARAMETER trgt_link_speed 4'h2
SET_PARAMETER bar5_prefetchable false
SET_PARAMETER aer_flow_control_protocol_error false
SET_PARAMETER en_route_unlock false
SET_PARAMETER upconfigure_capable true
SET_PARAMETER ext_pci_cfg_space false
SET_PARAMETER acceptable_l1_latency No_limit
SET_PARAMETER downstream_link_num 00
SET_PARAMETER aer_ecrc_check_capable false
SET_PARAMETER bar0_type Memory
SET_PARAMETER maximum_link_width X4
SET_PARAMETER bar1_size_vector 1M
SET_PARAMETER bar3_64bit false
SET_PARAMETER aer_multiheader false
SET_PARAMETER enable_lane_reversal false
SET_PARAMETER ref_clk_freq 100_MHz
SET_PARAMETER msix_table_offset 0
SET_PARAMETER en_route_err_cor false
SET_PARAMETER bar1_type Memory
SET_PARAMETER disable_rx_poisoned_resp false
SET_PARAMETER class_code_base 05
SET_PARAMETER aer_tlp_prefix_blocked false
SET_PARAMETER bar2_prefetchable false
SET_PARAMETER class_code_interface 00
SET_PARAMETER bar3_scale Kilobytes
SET_PARAMETER ext_pci_cfg_space_addr 3FF
SET_PARAMETER intx_generation true
SET_PARAMETER replay_timeout_value 0000
SET_PARAMETER bar2_type Memory
SET_PARAMETER atomicop_routing_supported false
SET_PARAMETER d3_power_dissipated_factor 0
SET_PARAMETER expansion_rom_scale Kilobytes
SET_PARAMETER d1_power_dissipated_factor 0
SET_PARAMETER aer_mc_blocked_tlp false
SET_PARAMETER bar3_type N/A
SET_PARAMETER optional_error_support 07FF07
SET_PARAMETER vc_cap_reject_snoop false
SET_PARAMETER expansion_rom_enabled false
SET_PARAMETER device_id 6024
SET_PARAMETER bar1_enabled true
SET_PARAMETER dll_link_active_cap false
SET_PARAMETER bar_index_value0 0
SET_PARAMETER d2_pme_support true
SET_PARAMETER bar_index_value1 0
SET_PARAMETER bar_index_value2 0
SET_PARAMETER bar_index_value3 0
SET_PARAMETER bar4_type N/A
SET_PARAMETER bar_index_value4 0
SET_PARAMETER bar_index_value5 0
SET_PARAMETER ur_inv_req false
SET_PARAMETER aer_ecrc_error false
SET_PARAMETER en_route_pme_to false
SET_PARAMETER bar0_size_vector 1M
SET_PARAMETER aer_atomicop_egress_blocked false
SET_PARAMETER force_no_scrambling false
SET_PARAMETER cost_table 1
SET_PARAMETER interface_width 64_bit
SET_PARAMETER bar5_type N/A
SET_PARAMETER root_cap_crs false
SET_PARAMETER pci_cfg_space_addr 3F
SET_PARAMETER bar4_64bit false
SET_PARAMETER d0_power_dissipated 0
SET_PARAMETER d2_power_consumed 0
SET_PARAMETER aer_receiver_error false
SET_PARAMETER en_route_pm_pme false
SET_PARAMETER msi_64b true
SET_PARAMETER extended_tag_field false
SET_PARAMETER pipe_sim false
SET_PARAMETER en_route_inta false
SET_PARAMETER en_route_intb false
SET_PARAMETER en_route_intc false
SET_PARAMETER bar4_scale Kilobytes
SET_PARAMETER en_route_intd false
SET_PARAMETER ur_prs_response false
SET_PARAMETER aer_enabled false
SET_PARAMETER legacy_interrupt INTA
SET_PARAMETER dsn_enabled true
SET_PARAMETER d1_support false
SET_PARAMETER pcie_debug_ports false
SET_PARAMETER slot_cap_elec_interlock false
SET_PARAMETER slot_cap_hotplug_cap false
SET_PARAMETER vendor_id 10EE
SET_PARAMETER d1_pme_support true
SET_PARAMETER cpl_finite false
SET_PARAMETER msi_enabled true
SET_PARAMETER en_route_err_ftl false
SET_PARAMETER recrc_check_trim true
SET_PARAMETER d3cold_pme_support false
SET_PARAMETER hw_auton_spd_disable false
SET_PARAMETER aer_completer_abort false
SET_PARAMETER bar2_enabled true
SET_PARAMETER ack_nak_timeout_value 0000
SET_PARAMETER ur_atomic false
SET_PARAMETER pcie_cap_slot_implemented false
SET_PARAMETER component_name v7_pcie
SET_PARAMETER atomicop32_completer_supported false
SET_PARAMETER d1_power_consumed_factor 0
SET_PARAMETER d3hot_pme_support true
SET_PARAMETER msix_table_size 1
SET_PARAMETER aer_uncorrectable_internal_error false
SET_PARAMETER msix_pba_bir BAR_0
SET_PARAMETER aer_completion_timeout false
SET_PARAMETER bar3_prefetchable false
SET_PARAMETER slot_cap_pwr_ctrl false
SET_PARAMETER aer_ecrc_gen_capable false
SET_PARAMETER io_base_limit_registers Disabled
SET_PARAMETER d1_power_dissipated 0
SET_PARAMETER perf_level High
SET_PARAMETER rcb 64_byte
SET_PARAMETER max_payload_size 512_bytes
SET_PARAMETER bar5_scale Kilobytes
SET_PARAMETER d0_pme_support true
SET_PARAMETER d3_power_consumed_factor 0
SET_PARAMETER ari_forwarding_supported false
SET_PARAMETER enable_replay_timer false
SET_PARAMETER revision_id 06
SET_PARAMETER de_emph 0
SET_PARAMETER device_port_type PCI_Express_Endpoint_device
SET_PARAMETER d2_support false
SET_PARAMETER slot_cap_attn_ind false
SET_PARAMETER msix_enabled false
SET_PARAMETER bar0_prefetchable false
SET_PARAMETER bar5_size_vector 1M
SET_PARAMETER cas128_completer_supported false
SET_PARAMETER bar3_enabled false
SET_PARAMETER buf_opt_bma false
SET_PARAMETER atomicop64_completer_supported false
SET_PARAMETER xlnx_ref_board None
SET_PARAMETER device_specific_initialization false
SET_PARAMETER slot_cap_pwr_limit_value 0
SET_PARAMETER slot_cap_pwr_limit_scale 0
SET_PARAMETER bar0_64bit false
SET_PARAMETER replay_timeout_func Add
SET_PARAMETER slot_cap_pwr_ind false
SET_PARAMETER aer_correctable_internal_error false
SET_PARAMETER disable_tx_aspm_l0s false
SET_ERROR_CODE 2
SET_ERROR_MSG  CANCEL: Customization cancelled.
SET_ERROR_TEXT Finished initializing IP model.	
